Flow report for MASTER
Fri Jul 23 10:19:51 2021
Quartus II 64-Bit Version 13.1.0 Build 162 10/23/2013 SJ Web Edition


---------------------
; Table of Contents ;
---------------------
  1. Legal Notice
  2. Flow Summary
  3. Flow Settings
  4. Flow Non-Default Global Settings
  5. Flow Elapsed Time
  6. Flow OS Summary
  7. Flow Log
  8. Flow Messages
  9. Flow Suppressed Messages



----------------
; Legal Notice ;
----------------
Copyright (C) 1991-2013 Altera Corporation
Your use of Altera Corporation's design tools, logic functions 
and other software and tools, and its AMPP partner logic 
functions, and any output files from any of the foregoing 
(including device programming or simulation files), and any 
associated documentation or information are expressly subject 
to the terms and conditions of the Altera Program License 
Subscription Agreement, Altera MegaCore Function License 
Agreement, or other applicable license agreement, including, 
without limitation, that your use is for the sole purpose of 
programming logic devices manufactured by Altera and sold by 
Altera or its authorized distributors.  Please refer to the 
applicable agreement for further details.



+---------------------------------------------------------------------------------+
; Flow Summary                                                                    ;
+------------------------------------+--------------------------------------------+
; Flow Status                        ; Successful - Fri Jul 23 10:19:51 2021      ;
; Quartus II 64-Bit Version          ; 13.1.0 Build 162 10/23/2013 SJ Web Edition ;
; Revision Name                      ; MASTER                                     ;
; Top-level Entity Name              ; MASTER                                     ;
; Family                             ; Cyclone IV E                               ;
; Device                             ; EP4CE22F17C6                               ;
; Timing Models                      ; Final                                      ;
; Total logic elements               ; 273 / 22,320 ( 1 % )                       ;
;     Total combinational functions  ; 257 / 22,320 ( 1 % )                       ;
;     Dedicated logic registers      ; 171 / 22,320 ( < 1 % )                     ;
; Total registers                    ; 171                                        ;
; Total pins                         ; 7 / 154 ( 5 % )                            ;
; Total virtual pins                 ; 0                                          ;
; Total memory bits                  ; 16 / 608,256 ( < 1 % )                     ;
; Embedded Multiplier 9-bit elements ; 0 / 132 ( 0 % )                            ;
; Total PLLs                         ; 0 / 4 ( 0 % )                              ;
+------------------------------------+--------------------------------------------+


+-----------------------------------------+
; Flow Settings                           ;
+-------------------+---------------------+
; Option            ; Setting             ;
+-------------------+---------------------+
; Start date & time ; 07/23/2021 10:19:26 ;
; Main task         ; Compilation         ;
; Revision Name     ; MASTER              ;
+-------------------+---------------------+


+-------------------------------------------------------------------------------------------------------------------------------------------------------------------------------+
; Flow Non-Default Global Settings                                                                                                                                              ;
+-------------------------------------+----------------------------------------------------------+---------------+---------------------------------------------+----------------+
; Assignment Name                     ; Value                                                    ; Default Value ; Entity Name                                 ; Section Id     ;
+-------------------------------------+----------------------------------------------------------+---------------+---------------------------------------------+----------------+
; COMPILER_SIGNATURE_ID               ; 247207015779542.162701036608428                          ; --            ; --                                          ; --             ;
; EDA_OUTPUT_DATA_FORMAT              ; Vhdl                                                     ; --            ; --                                          ; eda_simulation ;
; EDA_SIMULATION_TOOL                 ; ModelSim-Altera (VHDL)                                   ; <None>        ; --                                          ; --             ;
; IP_TOOL_ENV                         ; Qsys                                                     ; --            ; --                                          ; --             ;
; IP_TOOL_ENV                         ; Qsys                                                     ; --            ; altera_avalon_sc_fifo                       ; --             ;
; IP_TOOL_ENV                         ; Qsys                                                     ; --            ; altera_merlin_master_agent                  ; --             ;
; IP_TOOL_ENV                         ; Qsys                                                     ; --            ; altera_merlin_master_translator             ; --             ;
; IP_TOOL_ENV                         ; Qsys                                                     ; --            ; altera_merlin_slave_agent                   ; --             ;
; IP_TOOL_ENV                         ; Qsys                                                     ; --            ; altera_merlin_slave_translator              ; --             ;
; IP_TOOL_ENV                         ; Qsys                                                     ; --            ; altera_reset_controller                     ; --             ;
; IP_TOOL_ENV                         ; Qsys                                                     ; --            ; master_cpu                                  ; --             ;
; IP_TOOL_ENV                         ; Qsys                                                     ; --            ; master_irq_mapper                           ; --             ;
; IP_TOOL_ENV                         ; Qsys                                                     ; --            ; master_jtag_uart                            ; --             ;
; IP_TOOL_ENV                         ; Qsys                                                     ; --            ; master_mm_interconnect_0                    ; --             ;
; IP_TOOL_ENV                         ; Qsys                                                     ; --            ; master_mm_interconnect_0_addr_router        ; --             ;
; IP_TOOL_ENV                         ; Qsys                                                     ; --            ; master_mm_interconnect_0_addr_router_001    ; --             ;
; IP_TOOL_ENV                         ; Qsys                                                     ; --            ; master_mm_interconnect_0_cmd_xbar_demux     ; --             ;
; IP_TOOL_ENV                         ; Qsys                                                     ; --            ; master_mm_interconnect_0_cmd_xbar_mux       ; --             ;
; IP_TOOL_ENV                         ; Qsys                                                     ; --            ; master_mm_interconnect_0_cmd_xbar_mux_001   ; --             ;
; IP_TOOL_ENV                         ; Qsys                                                     ; --            ; master_mm_interconnect_0_id_router          ; --             ;
; IP_TOOL_ENV                         ; Qsys                                                     ; --            ; master_mm_interconnect_0_id_router_001      ; --             ;
; IP_TOOL_ENV                         ; Qsys                                                     ; --            ; master_mm_interconnect_0_id_router_004      ; --             ;
; IP_TOOL_ENV                         ; Qsys                                                     ; --            ; master_mm_interconnect_0_rsp_xbar_demux     ; --             ;
; IP_TOOL_ENV                         ; Qsys                                                     ; --            ; master_mm_interconnect_0_rsp_xbar_demux_001 ; --             ;
; IP_TOOL_ENV                         ; Qsys                                                     ; --            ; master_mm_interconnect_0_rsp_xbar_mux       ; --             ;
; IP_TOOL_ENV                         ; Qsys                                                     ; --            ; master_onchip_memory2                       ; --             ;
; IP_TOOL_ENV                         ; Qsys                                                     ; --            ; master_pio_led                              ; --             ;
; IP_TOOL_ENV                         ; Qsys                                                     ; --            ; master_sysid                                ; --             ;
; IP_TOOL_NAME                        ; Qsys                                                     ; --            ; --                                          ; --             ;
; IP_TOOL_NAME                        ; altera_avalon_sc_fifo                                    ; --            ; altera_avalon_sc_fifo                       ; --             ;
; IP_TOOL_NAME                        ; altera_merlin_master_agent                               ; --            ; altera_merlin_master_agent                  ; --             ;
; IP_TOOL_NAME                        ; altera_merlin_master_translator                          ; --            ; altera_merlin_master_translator             ; --             ;
; IP_TOOL_NAME                        ; altera_merlin_slave_agent                                ; --            ; altera_merlin_slave_agent                   ; --             ;
; IP_TOOL_NAME                        ; altera_merlin_slave_translator                           ; --            ; altera_merlin_slave_translator              ; --             ;
; IP_TOOL_NAME                        ; altera_reset_controller                                  ; --            ; altera_reset_controller                     ; --             ;
; IP_TOOL_NAME                        ; altera_nios2_qsys                                        ; --            ; master_cpu                                  ; --             ;
; IP_TOOL_NAME                        ; altera_irq_mapper                                        ; --            ; master_irq_mapper                           ; --             ;
; IP_TOOL_NAME                        ; altera_avalon_jtag_uart                                  ; --            ; master_jtag_uart                            ; --             ;
; IP_TOOL_NAME                        ; altera_merlin_interconnect_wrapper                       ; --            ; master_mm_interconnect_0                    ; --             ;
; IP_TOOL_NAME                        ; altera_merlin_router                                     ; --            ; master_mm_interconnect_0_addr_router        ; --             ;
; IP_TOOL_NAME                        ; altera_merlin_router                                     ; --            ; master_mm_interconnect_0_addr_router_001    ; --             ;
; IP_TOOL_NAME                        ; altera_merlin_demultiplexer                              ; --            ; master_mm_interconnect_0_cmd_xbar_demux     ; --             ;
; IP_TOOL_NAME                        ; altera_merlin_multiplexer                                ; --            ; master_mm_interconnect_0_cmd_xbar_mux       ; --             ;
; IP_TOOL_NAME                        ; altera_merlin_multiplexer                                ; --            ; master_mm_interconnect_0_cmd_xbar_mux_001   ; --             ;
; IP_TOOL_NAME                        ; altera_merlin_router                                     ; --            ; master_mm_interconnect_0_id_router          ; --             ;
; IP_TOOL_NAME                        ; altera_merlin_router                                     ; --            ; master_mm_interconnect_0_id_router_001      ; --             ;
; IP_TOOL_NAME                        ; altera_merlin_router                                     ; --            ; master_mm_interconnect_0_id_router_004      ; --             ;
; IP_TOOL_NAME                        ; altera_merlin_demultiplexer                              ; --            ; master_mm_interconnect_0_rsp_xbar_demux     ; --             ;
; IP_TOOL_NAME                        ; altera_merlin_demultiplexer                              ; --            ; master_mm_interconnect_0_rsp_xbar_demux_001 ; --             ;
; IP_TOOL_NAME                        ; altera_merlin_multiplexer                                ; --            ; master_mm_interconnect_0_rsp_xbar_mux       ; --             ;
; IP_TOOL_NAME                        ; altera_avalon_onchip_memory2                             ; --            ; master_onchip_memory2                       ; --             ;
; IP_TOOL_NAME                        ; altera_avalon_pio                                        ; --            ; master_pio_led                              ; --             ;
; IP_TOOL_NAME                        ; altera_avalon_sysid_qsys                                 ; --            ; master_sysid                                ; --             ;
; IP_TOOL_VERSION                     ; 13.1                                                     ; --            ; --                                          ; --             ;
; IP_TOOL_VERSION                     ; 13.1                                                     ; --            ; altera_avalon_sc_fifo                       ; --             ;
; IP_TOOL_VERSION                     ; 13.1                                                     ; --            ; altera_merlin_master_agent                  ; --             ;
; IP_TOOL_VERSION                     ; 13.1                                                     ; --            ; altera_merlin_master_translator             ; --             ;
; IP_TOOL_VERSION                     ; 13.1                                                     ; --            ; altera_merlin_slave_agent                   ; --             ;
; IP_TOOL_VERSION                     ; 13.1                                                     ; --            ; altera_merlin_slave_translator              ; --             ;
; IP_TOOL_VERSION                     ; 13.1                                                     ; --            ; altera_reset_controller                     ; --             ;
; IP_TOOL_VERSION                     ; 13.1                                                     ; --            ; master_cpu                                  ; --             ;
; IP_TOOL_VERSION                     ; 13.1                                                     ; --            ; master_irq_mapper                           ; --             ;
; IP_TOOL_VERSION                     ; 13.1                                                     ; --            ; master_jtag_uart                            ; --             ;
; IP_TOOL_VERSION                     ; 13.1                                                     ; --            ; master_mm_interconnect_0                    ; --             ;
; IP_TOOL_VERSION                     ; 13.1                                                     ; --            ; master_mm_interconnect_0_addr_router        ; --             ;
; IP_TOOL_VERSION                     ; 13.1                                                     ; --            ; master_mm_interconnect_0_addr_router_001    ; --             ;
; IP_TOOL_VERSION                     ; 13.1                                                     ; --            ; master_mm_interconnect_0_cmd_xbar_demux     ; --             ;
; IP_TOOL_VERSION                     ; 13.1                                                     ; --            ; master_mm_interconnect_0_cmd_xbar_mux       ; --             ;
; IP_TOOL_VERSION                     ; 13.1                                                     ; --            ; master_mm_interconnect_0_cmd_xbar_mux_001   ; --             ;
; IP_TOOL_VERSION                     ; 13.1                                                     ; --            ; master_mm_interconnect_0_id_router          ; --             ;
; IP_TOOL_VERSION                     ; 13.1                                                     ; --            ; master_mm_interconnect_0_id_router_001      ; --             ;
; IP_TOOL_VERSION                     ; 13.1                                                     ; --            ; master_mm_interconnect_0_id_router_004      ; --             ;
; IP_TOOL_VERSION                     ; 13.1                                                     ; --            ; master_mm_interconnect_0_rsp_xbar_demux     ; --             ;
; IP_TOOL_VERSION                     ; 13.1                                                     ; --            ; master_mm_interconnect_0_rsp_xbar_demux_001 ; --             ;
; IP_TOOL_VERSION                     ; 13.1                                                     ; --            ; master_mm_interconnect_0_rsp_xbar_mux       ; --             ;
; IP_TOOL_VERSION                     ; 13.1                                                     ; --            ; master_onchip_memory2                       ; --             ;
; IP_TOOL_VERSION                     ; 13.1                                                     ; --            ; master_pio_led                              ; --             ;
; IP_TOOL_VERSION                     ; 13.1                                                     ; --            ; master_sysid                                ; --             ;
; MAX_CORE_JUNCTION_TEMP              ; 85                                                       ; --            ; --                                          ; --             ;
; MIN_CORE_JUNCTION_TEMP              ; 0                                                        ; --            ; --                                          ; --             ;
; MISC_FILE                           ; ../qsys/master/synthesis/../../master.cmp                ; --            ; --                                          ; --             ;
; MISC_FILE                           ; ../qsys/master/synthesis/../../master.qsys               ; --            ; --                                          ; --             ;
; NOMINAL_CORE_SUPPLY_VOLTAGE         ; 1.2V                                                     ; --            ; --                                          ; --             ;
; PARTITION_COLOR                     ; 16764057                                                 ; --            ; --                                          ; Top            ;
; PARTITION_FITTER_PRESERVATION_LEVEL ; PLACEMENT_AND_ROUTING                                    ; --            ; --                                          ; Top            ;
; PARTITION_NETLIST_TYPE              ; SOURCE                                                   ; --            ; --                                          ; Top            ;
; PROJECT_OUTPUT_DIRECTORY            ; output_files                                             ; --            ; --                                          ; --             ;
; SLD_FILE                            ; ../qsys/master/synthesis/master.regmap                   ; --            ; --                                          ; --             ;
; SLD_FILE                            ; ../qsys/master/synthesis/master.debuginfo                ; --            ; --                                          ; --             ;
; SLD_INFO                            ; QSYS_NAME master HAS_SOPCINFO 1 GENERATION_ID 1627010341 ; --            ; --                                          ; --             ;
; SOPCINFO_FILE                       ; ../qsys/master/synthesis/../../master.sopcinfo           ; --            ; --                                          ; --             ;
; SYNTHESIS_ONLY_QIP                  ; On                                                       ; --            ; --                                          ; --             ;
+-------------------------------------+----------------------------------------------------------+---------------+---------------------------------------------+----------------+


+--------------------------------------------------------------------------------------------------------------------------+
; Flow Elapsed Time                                                                                                        ;
+----------------------+--------------+-------------------------+---------------------+------------------------------------+
; Module Name          ; Elapsed Time ; Average Processors Used ; Peak Virtual Memory ; Total CPU Time (on all processors) ;
+----------------------+--------------+-------------------------+---------------------+------------------------------------+
; Analysis & Synthesis ; 00:00:11     ; 1.0                     ; 4744 MB             ; 00:00:06                           ;
; Fitter               ; 00:00:09     ; 1.0                     ; 4997 MB             ; 00:00:07                           ;
; Assembler            ; 00:00:02     ; 1.0                     ; 4594 MB             ; 00:00:01                           ;
; Total                ; 00:00:22     ; --                      ; --                  ; 00:00:14                           ;
+----------------------+--------------+-------------------------+---------------------+------------------------------------+


+-----------------------------------------------------------------------------------+
; Flow OS Summary                                                                   ;
+----------------------+------------------+-----------+------------+----------------+
; Module Name          ; Machine Hostname ; OS Name   ; OS Version ; Processor type ;
+----------------------+------------------+-----------+------------+----------------+
; Analysis & Synthesis ; l6-2-tarnetsk    ; Windows 7 ; 6.2        ; x86_64         ;
; Fitter               ; l6-2-tarnetsk    ; Windows 7 ; 6.2        ; x86_64         ;
; Assembler            ; l6-2-tarnetsk    ; Windows 7 ; 6.2        ; x86_64         ;
+----------------------+------------------+-----------+------------+----------------+


------------
; Flow Log ;
------------
quartus_map --read_settings_files=on --write_settings_files=off MASTER -c MASTER
quartus_fit --read_settings_files=off --write_settings_files=off MASTER -c MASTER
quartus_asm --read_settings_files=off --write_settings_files=off MASTER -c MASTER



